#
# A fatal error has been detected by the Java Runtime Environment:
#
#  EXCEPTION_ACCESS_VIOLATION (0xc0000005) at pc=0x00007ffbb39062f0, pid=7004, tid=11248
#
# JRE version: OpenJDK Runtime Environment OpenLogic-OpenJDK (17.0.13+11) (build 17.0.13+11-adhoc..jdk17u)
# Java VM: OpenJDK 64-Bit Server VM OpenLogic-OpenJDK (17.0.13+11-adhoc..jdk17u, mixed mode, sharing, tiered, compressed oops, compressed class ptrs, g1 gc, windows-amd64)
# Problematic frame:
# V  [jvm.dll+0x6a62f0]
#
# No core dump will be written. Minidumps are not enabled by default on client versions of Windows
#
# If you would like to submit a bug report, please visit:
#   https://techsupport.roguewave.com/
#

---------------  S U M M A R Y ------------

Command Line: -XX:MaxMetaspaceSize=2048m --add-opens=java.base/java.util=ALL-UNNAMED --add-opens=java.base/java.lang=ALL-UNNAMED --add-opens=java.base/java.lang.invoke=ALL-UNNAMED --add-opens=java.prefs/java.util.prefs=ALL-UNNAMED --add-exports=jdk.compiler/com.sun.tools.javac.api=ALL-UNNAMED --add-exports=jdk.compiler/com.sun.tools.javac.util=ALL-UNNAMED --add-opens=java.base/java.nio.charset=ALL-UNNAMED --add-opens=java.base/java.net=ALL-UNNAMED --add-opens=java.base/java.util.concurrent.atomic=ALL-UNNAMED -Xmx4096m -Dfile.encoding=windows-1251 -Duser.country=RU -Duser.language=ru -Duser.variant -javaagent:C:\Users\maestro\.gradle\wrapper\dists\gradle-8.10.2-all\7iv73wktx1xtkvlq19urqw1wm\gradle-8.10.2\lib\agents\gradle-instrumentation-agent-8.10.2.jar org.gradle.launcher.daemon.bootstrap.GradleDaemon 8.10.2

Host: Intel(R) Core(TM) i7-1065G7 CPU @ 1.30GHz, 8 cores, 19G,  Windows 10 , 64 bit Build 19041 (10.0.19041.5198)
Time: Mon Nov 25 10:28:58 2024  Windows 10 , 64 bit Build 19041 (10.0.19041.5198) elapsed time: 9.647781 seconds (0d 0h 0m 9s)

---------------  T H R E A D  ---------------

Current thread (0x000002b76bd9f5e0):  JavaThread "C2 CompilerThread1" daemon [_thread_in_native, id=11248, stack(0x000000cca7300000,0x000000cca7400000)]


Current CompileTask:
C2:   9647 7236       4       groovy.lang.MetaClassImpl$1MOPIter::methodNameAction (325 bytes)

Stack: [0x000000cca7300000,0x000000cca7400000],  sp=0x000000cca73fb720,  free space=1005k
Native frames: (J=compiled Java code, j=interpreted, Vv=VM code, C=native code)
V  [jvm.dll+0x6a62f0]
V  [jvm.dll+0x6a8022]
V  [jvm.dll+0x6a694a]
V  [jvm.dll+0x21b6c0]
V  [jvm.dll+0x219a31]
V  [jvm.dll+0x1a58ed]
V  [jvm.dll+0x22988d]
V  [jvm.dll+0x227a1c]
V  [jvm.dll+0x7ed737]
V  [jvm.dll+0x7e7b2c]
V  [jvm.dll+0x67fae7]
C  [ucrtbase.dll+0x21bb2]
C  [KERNEL32.DLL+0x17374]
C  [ntdll.dll+0x4cc91]


siginfo: EXCEPTION_ACCESS_VIOLATION (0xc0000005), reading address 0x000002b6719374d0


Registers:
RAX=0x0000000000003fff, RBX=0x0000000000000023, RCX=0x000002b77674dea0, RDX=0x0000000000000000
RSP=0x000000cca73fb720, RBP=0x0000000000000002, RSI=0x000000cca73fc318, RDI=0x000002b6719374b8
R8 =0x000002b7761e2d90, R9 =0x00000000000045fe, R10=0x0000000000003fff, R11=0x000002b76c70d018
R12=0x0000000000000bbd, R13=0x0000000000000bbd, R14=0x0000000000002337, R15=0x000002b775839b08
RIP=0x00007ffbb39062f0, EFLAGS=0x0000000000010206


Register to memory mapping:

RIP=0x00007ffbb39062f0 jvm.dll
RAX=0x0000000000003fff is an unknown value
RBX=0x0000000000000023 is an unknown value
RCX=0x000002b77674dea0 points into unknown readable memory: 0x0000000000000000 | 00 00 00 00 00 00 00 00
RDX=0x0 is NULL
RSP=0x000000cca73fb720 is pointing into the stack for thread: 0x000002b76bd9f5e0
RBP=0x0000000000000002 is an unknown value
RSI=0x000000cca73fc318 is pointing into the stack for thread: 0x000002b76bd9f5e0
RDI=0x000002b6719374b8 is an unknown value
R8 =0x000002b7761e2d90 points into unknown readable memory: 0x000002b76bc8a4a0 | a0 a4 c8 6b b7 02 00 00
R9 =0x00000000000045fe is an unknown value
R10=0x0000000000003fff is an unknown value
R11=0x000002b76c70d018 points into unknown readable memory: 0x00007ffbb3b929a0 | a0 29 b9 b3 fb 7f 00 00
R12=0x0000000000000bbd is an unknown value
R13=0x0000000000000bbd is an unknown value
R14=0x0000000000002337 is an unknown value
R15=0x000002b775839b08 points into unknown readable memory: 0x00007ffbb3b78790 | 90 87 b7 b3 fb 7f 00 00


Top of Stack: (sp=0x000000cca73fb720)
0x000000cca73fb720:   0000000000000000 000002b775839ab8
0x000000cca73fb730:   000002b77504d828 0000000000001ae8
0x000000cca73fb740:   000002b77504d828 0000000000001ae8
0x000000cca73fb750:   000002b7477ba480 0000000000000000
0x000000cca73fb760:   000002b775839b08 00007ffbb3908022
0x000000cca73fb770:   000002b775839b08 000002b700000023
0x000000cca73fb780:   0000000000001281 000000cca73fb990
0x000000cca73fb790:   000000cca73fb990 00007ffbb390694a
0x000000cca73fb7a0:   000000cca73fe950 0000000000001281
0x000000cca73fb7b0:   000002b775839b08 000002b772f212d0
0x000000cca73fb7c0:   0000000000000050 00007ffbb3ba4cc0
0x000000cca73fb7d0:   0000000000000020 00007ffbb347b6c0
0x000000cca73fb7e0:   0000000000000000 000002b76bd7d460
0x000000cca73fb7f0:   000000cca73fe950 000000cca73fb8e0
0x000000cca73fb800:   0000000000000000 000002b70000e9f0
0x000000cca73fb810:   000002b700420000 0000000000000000
0x000000cca73fb820:   000002b70045cda0 000000cca73fbb00
0x000000cca73fb830:   000002b76bd9f5e0 00007ffbb3ba4cc0
0x000000cca73fb840:   0000000000000000 0000000000000000
0x000000cca73fb850:   0000000000000000 00007ffbb3ba4cc0
0x000000cca73fb860:   000002b76bd9f500 000000cca73fbb40
0x000000cca73fb870:   000064827b635f25 0000000000000000
0x000000cca73fb880:   000002b76bc6b0e0 000002b76bc6da90
0x000000cca73fb890:   000002b70045cda0 000002b70045a6c8
0x000000cca73fb8a0:   000000cca73fba30 000002b76bd9f5e0
0x000000cca73fb8b0:   00000000000000b6 00007ffbb37c4581
0x000000cca73fb8c0:   000002b76bc6b0e0 000000cca73fba30
0x000000cca73fb8d0:   000002b70045cda0 000002b70045a6c8
0x000000cca73fb8e0:   000000cca73fba70 000002b76bd9f5e0
0x000000cca73fb8f0:   00000000000000b6 00007ffbb37c4581
0x000000cca73fb900:   000002b77458ca58 000002b76bd9fed0
0x000000cca73fb910:   000002b76c467560 000002b76c46b700 

Instructions: (pc=0x00007ffbb39062f0)
0x00007ffbb39061f0:   75 36 33 c0 85 ff 74 20 4c 8b 43 08 4d 8b 4e 08
0x00007ffbb3906200:   48 8d 14 c5 00 00 00 00 4a 8b 0c 02 4a 39 0c 0a
0x00007ffbb3906210:   75 16 ff c0 3b c7 72 e8 49 8b 06 48 8b d3 49 8b
0x00007ffbb3906220:   ce ff 50 60 84 c0 75 38 8b 45 08 41 03 f7 ff c8
0x00007ffbb3906230:   23 f0 48 8b 45 18 48 8b 1c f0 48 85 db 75 a1 33
0x00007ffbb3906240:   c0 48 8b 5c 24 40 48 8b 6c 24 48 48 8b 74 24 50
0x00007ffbb3906250:   48 8b 7c 24 58 48 83 c4 20 41 5f 41 5e 41 5c c3
0x00007ffbb3906260:   48 8b c3 eb dc cc cc cc cc cc cc cc cc cc cc cc
0x00007ffbb3906270:   48 89 5c 24 08 48 89 6c 24 18 48 89 74 24 20 57
0x00007ffbb3906280:   41 54 41 55 41 56 41 57 48 83 ec 20 48 8b 02 48
0x00007ffbb3906290:   8b f1 48 8b ca 4c 8b fa ff 50 58 85 c0 0f 84 e0
0x00007ffbb39062a0:   00 00 00 44 8b 76 08 41 ff ce 44 23 f0 48 8b 46
0x00007ffbb39062b0:   18 45 8b ee 41 83 cd 01 4a 8b 3c f0 48 85 ff 75
0x00007ffbb39062c0:   09 4e 89 3c f0 e9 a6 00 00 00 49 8b 07 49 8b cf
0x00007ffbb39062d0:   48 8b 5e 20 ff 10 41 8b 6f 18 45 8b e6 89 44 24
0x00007ffbb39062e0:   58 33 c0 48 3b fb 8b 5c 24 58 44 0f 45 e0 66 90
0x00007ffbb39062f0:   39 6f 18 75 43 48 8b 07 48 8b cf ff 10 3b c3 75
0x00007ffbb3906300:   37 33 c0 85 ed 74 21 4c 8b 47 08 4d 8b 4f 08 90
0x00007ffbb3906310:   48 8d 14 c5 00 00 00 00 4a 8b 0c 02 4a 39 0c 0a
0x00007ffbb3906320:   75 16 ff c0 3b c5 72 e8 49 8b 07 48 8b d7 49 8b
0x00007ffbb3906330:   cf ff 50 60 84 c0 75 28 8b 46 08 45 03 f5 48 8b
0x00007ffbb3906340:   4e 18 ff c8 44 23 f0 4a 8b 3c f1 48 85 ff 74 15
0x00007ffbb3906350:   45 85 e4 75 9b 48 3b 7e 20 75 95 45 8b e6 eb 90
0x00007ffbb3906360:   48 8b c7 eb 20 45 85 e4 45 0f 44 e6 4e 89 3c e1
0x00007ffbb3906370:   ff 46 0c 8b 46 0c 3b 46 10 75 08 48 8b ce e8 4d
0x00007ffbb3906380:   fb ff ff 33 c0 48 8b 5c 24 50 48 8b 6c 24 60 48
0x00007ffbb3906390:   8b 74 24 68 48 83 c4 20 41 5f 41 5e 41 5d 41 5c
0x00007ffbb39063a0:   5f c3 cc cc cc cc cc cc cc cc cc cc cc cc cc cc
0x00007ffbb39063b0:   48 89 5c 24 08 48 89 74 24 10 57 48 83 ec 20 48
0x00007ffbb39063c0:   8b 02 48 8b d9 48 8b ca 48 8b fa ff 50 58 8b f0
0x00007ffbb39063d0:   85 c0 74 54 ff 43 0c 44 8b 43 0c 44 3b 43 10 75
0x00007ffbb39063e0:   08 48 8b cb e8 e7 fa ff ff 44 8b 5b 08 4c 8b 43 


Stack slot to memory mapping:
stack at sp + 0 slots: 0x0 is NULL
stack at sp + 1 slots: 0x000002b775839ab8 points into unknown readable memory: 0x00007ffbb3b80308 | 08 03 b8 b3 fb 7f 00 00
stack at sp + 2 slots: 0x000002b77504d828 points into unknown readable memory: 0x00007ffbb3b775e0 | e0 75 b7 b3 fb 7f 00 00
stack at sp + 3 slots: 0x0000000000001ae8 is an unknown value
stack at sp + 4 slots: 0x000002b77504d828 points into unknown readable memory: 0x00007ffbb3b775e0 | e0 75 b7 b3 fb 7f 00 00
stack at sp + 5 slots: 0x0000000000001ae8 is an unknown value
stack at sp + 6 slots: 0x000002b7477ba480 points into unknown readable memory: 0x00007ffbb3bb7560 | 60 75 bb b3 fb 7f 00 00
stack at sp + 7 slots: 0x0 is NULL


---------------  P R O C E S S  ---------------

Threads class SMR info:
_java_thread_list=0x000002b776462bd0, length=65, elements={
0x000002b7477a31f0, 0x000002b76bc44f60, 0x000002b76bc45640, 0x000002b76bc5ff60,
0x000002b76bc62550, 0x000002b76bc64a40, 0x000002b76bc68f30, 0x000002b76bc69740,
0x000002b76bccf000, 0x000002b76bce3f20, 0x000002b76bd76a00, 0x000002b76bd9f5e0,
0x000002b76be42c60, 0x000002b772621610, 0x000002b7725945d0, 0x000002b77254dd20,
0x000002b772589c50, 0x000002b7725a62e0, 0x000002b772684710, 0x000002b7726837e0,
0x000002b772685130, 0x000002b7726832d0, 0x000002b7726823a0, 0x000002b772683cf0,
0x000002b772684200, 0x000002b772684c20, 0x000002b772682dc0, 0x000002b772681e90,
0x000002b7726828b0, 0x000002b7735729e0, 0x000002b773571090, 0x000002b773570b80,
0x000002b773574840, 0x000002b77356fc50, 0x000002b773573400, 0x000002b77356e810,
0x000002b7735715a0, 0x000002b773574d50, 0x000002b773575260, 0x000002b77356f230,
0x000002b77356ddf0, 0x000002b7735724d0, 0x000002b77356f740, 0x000002b773575770,
0x000002b77356e300, 0x000002b773571ab0, 0x000002b773570160, 0x000002b773570670,
0x000002b774f29260, 0x000002b774f29c80, 0x000002b774f2ca10, 0x000002b774f2abb0,
0x000002b774f2bff0, 0x000002b774f2ed80, 0x000002b774f27910, 0x000002b774f2b0c0,
0x000002b774f28d50, 0x000002b774f2b5d0, 0x000002b774f29770, 0x000002b774f2a190,
0x000002b774f2bae0, 0x000002b774f27e20, 0x000002b774f2d430, 0x000002b774f2c500,
0x000002b774f2de50
}

Java Threads: ( => current thread )
  0x000002b7477a31f0 JavaThread "main" [_thread_blocked, id=10652, stack(0x000000cca6200000,0x000000cca6300000)]
  0x000002b76bc44f60 JavaThread "Reference Handler" daemon [_thread_blocked, id=10080, stack(0x000000cca6900000,0x000000cca6a00000)]
  0x000002b76bc45640 JavaThread "Finalizer" daemon [_thread_blocked, id=11712, stack(0x000000cca6a00000,0x000000cca6b00000)]
  0x000002b76bc5ff60 JavaThread "Signal Dispatcher" daemon [_thread_blocked, id=13932, stack(0x000000cca6b00000,0x000000cca6c00000)]
  0x000002b76bc62550 JavaThread "Attach Listener" daemon [_thread_blocked, id=13972, stack(0x000000cca6c00000,0x000000cca6d00000)]
  0x000002b76bc64a40 JavaThread "Service Thread" daemon [_thread_blocked, id=9136, stack(0x000000cca6d00000,0x000000cca6e00000)]
  0x000002b76bc68f30 JavaThread "Monitor Deflation Thread" daemon [_thread_blocked, id=1088, stack(0x000000cca6e00000,0x000000cca6f00000)]
  0x000002b76bc69740 JavaThread "C2 CompilerThread0" daemon [_thread_in_native, id=7388, stack(0x000000cca6f00000,0x000000cca7000000)]
  0x000002b76bccf000 JavaThread "C1 CompilerThread0" daemon [_thread_blocked, id=8640, stack(0x000000cca7000000,0x000000cca7100000)]
  0x000002b76bce3f20 JavaThread "Sweeper thread" daemon [_thread_blocked, id=11156, stack(0x000000cca7100000,0x000000cca7200000)]
  0x000002b76bd76a00 JavaThread "Common-Cleaner" daemon [_thread_blocked, id=11880, stack(0x000000cca7200000,0x000000cca7300000)]
=>0x000002b76bd9f5e0 JavaThread "C2 CompilerThread1" daemon [_thread_in_native, id=11248, stack(0x000000cca7300000,0x000000cca7400000)]
  0x000002b76be42c60 JavaThread "Notification Thread" daemon [_thread_blocked, id=10792, stack(0x000000cca7400000,0x000000cca7500000)]
  0x000002b772621610 JavaThread "Daemon health stats" [_thread_blocked, id=5096, stack(0x000000cca7e00000,0x000000cca7f00000)]
  0x000002b7725945d0 JavaThread "Incoming local TCP Connector on port 52681" [_thread_in_native, id=3280, stack(0x000000cca7f00000,0x000000cca8000000)]
  0x000002b77254dd20 JavaThread "Daemon periodic checks" [_thread_blocked, id=10284, stack(0x000000cca8000000,0x000000cca8100000)]
  0x000002b772589c50 JavaThread "Daemon" [_thread_blocked, id=13240, stack(0x000000cca8100000,0x000000cca8200000)]
  0x000002b7725a62e0 JavaThread "Handler for socket connection from /127.0.0.1:52681 to /127.0.0.1:52682" [_thread_in_native, id=7440, stack(0x000000cca8200000,0x000000cca8300000)]
  0x000002b772684710 JavaThread "Cancel handler" [_thread_blocked, id=10380, stack(0x000000cca8300000,0x000000cca8400000)]
  0x000002b7726837e0 JavaThread "Daemon worker" [_thread_in_vm, id=7660, stack(0x000000cca8400000,0x000000cca8500000)]
  0x000002b772685130 JavaThread "Asynchronous log dispatcher for DefaultDaemonConnection: socket connection from /127.0.0.1:52681 to /127.0.0.1:52682" [_thread_blocked, id=10532, stack(0x000000cca8500000,0x000000cca8600000)]
  0x000002b7726832d0 JavaThread "Stdin handler" [_thread_blocked, id=10288, stack(0x000000cca8600000,0x000000cca8700000)]
  0x000002b7726823a0 JavaThread "Daemon client event forwarder" [_thread_blocked, id=11876, stack(0x000000cca8700000,0x000000cca8800000)]
  0x000002b772683cf0 JavaThread "Cache worker for journal cache (C:\Users\maestro\.gradle\caches\journal-1)" [_thread_blocked, id=12644, stack(0x000000cca8800000,0x000000cca8900000)]
  0x000002b772684200 JavaThread "File lock request listener" [_thread_in_native, id=4428, stack(0x000000cca8900000,0x000000cca8a00000)]
  0x000002b772684c20 JavaThread "Cache worker for file hash cache (C:\Users\maestro\.gradle\caches\8.10.2\fileHashes)" [_thread_blocked, id=3832, stack(0x000000cca8a00000,0x000000cca8b00000)]
  0x000002b772682dc0 JavaThread "Cache worker for file hash cache (C:\Users\maestro\Desktop\log_sig\my-app\android\.gradle\8.10.2\fileHashes)" [_thread_blocked, id=2004, stack(0x000000cca8b00000,0x000000cca8c00000)]
  0x000002b772681e90 JavaThread "Cache worker for Build Output Cleanup Cache (C:\Users\maestro\Desktop\log_sig\my-app\android\.gradle\buildOutputCleanup)" [_thread_blocked, id=11044, stack(0x000000cca8c00000,0x000000cca8d00000)]
  0x000002b7726828b0 JavaThread "File watcher server" daemon [_thread_in_native, id=7608, stack(0x000000cca8e00000,0x000000cca8f00000)]
  0x000002b7735729e0 JavaThread "File watcher consumer" daemon [_thread_blocked, id=13980, stack(0x000000cca8f00000,0x000000cca9000000)]
  0x000002b773571090 JavaThread "Cache worker for checksums cache (C:\Users\maestro\Desktop\log_sig\my-app\android\.gradle\8.10.2\checksums)" [_thread_blocked, id=11460, stack(0x000000cca9000000,0x000000cca9100000)]
  0x000002b773570b80 JavaThread "Cache worker for file content cache (C:\Users\maestro\.gradle\caches\8.10.2\fileContent)" [_thread_blocked, id=5164, stack(0x000000cca9100000,0x000000cca9200000)]
  0x000002b773574840 JavaThread "Cache worker for cache directory md-rule (C:\Users\maestro\.gradle\caches\8.10.2\md-rule)" [_thread_blocked, id=4948, stack(0x000000cca9200000,0x000000cca9300000)]
  0x000002b77356fc50 JavaThread "Cache worker for cache directory md-supplier (C:\Users\maestro\.gradle\caches\8.10.2\md-supplier)" [_thread_blocked, id=14104, stack(0x000000cca9300000,0x000000cca9400000)]
  0x000002b773573400 JavaThread "jar transforms" [_thread_blocked, id=10020, stack(0x000000cca9500000,0x000000cca9600000)]
  0x000002b77356e810 JavaThread "Cache worker for Build Output Cleanup Cache (C:\Users\maestro\Desktop\log_sig\my-app\node_modules\@react-native\gradle-plugin\.gradle\buildOutputCleanup)" [_thread_blocked, id=2616, stack(0x000000cca9600000,0x000000cca9700000)]
  0x000002b7735715a0 JavaThread "Unconstrained build operations" [_thread_blocked, id=9120, stack(0x000000cca9700000,0x000000cca9800000)]
  0x000002b773574d50 JavaThread "Unconstrained build operations Thread 2" [_thread_blocked, id=2776, stack(0x000000cca9800000,0x000000cca9900000)]
  0x000002b773575260 JavaThread "Unconstrained build operations Thread 3" [_thread_blocked, id=2068, stack(0x000000cca9900000,0x000000cca9a00000)]
  0x000002b77356f230 JavaThread "Unconstrained build operations Thread 4" [_thread_blocked, id=9748, stack(0x000000cca9a00000,0x000000cca9b00000)]
  0x000002b77356ddf0 JavaThread "Unconstrained build operations Thread 5" [_thread_blocked, id=12212, stack(0x000000cca9b00000,0x000000cca9c00000)]
  0x000002b7735724d0 JavaThread "Unconstrained build operations Thread 6" [_thread_blocked, id=3792, stack(0x000000cca9c00000,0x000000cca9d00000)]
  0x000002b77356f740 JavaThread "Unconstrained build operations Thread 7" [_thread_blocked, id=9464, stack(0x000000cca9d00000,0x000000cca9e00000)]
  0x000002b773575770 JavaThread "Unconstrained build operations Thread 8" [_thread_blocked, id=10044, stack(0x000000cca9e00000,0x000000cca9f00000)]
  0x000002b77356e300 JavaThread "Unconstrained build operations Thread 9" [_thread_blocked, id=11656, stack(0x000000cca9f00000,0x000000ccaa000000)]
  0x000002b773571ab0 JavaThread "Unconstrained build operations Thread 10" [_thread_blocked, id=4732, stack(0x000000ccaa000000,0x000000ccaa100000)]
  0x000002b773570160 JavaThread "Unconstrained build operations Thread 11" [_thread_blocked, id=1744, stack(0x000000ccaa100000,0x000000ccaa200000)]
  0x000002b773570670 JavaThread "Unconstrained build operations Thread 12" [_thread_blocked, id=8756, stack(0x000000ccaa200000,0x000000ccaa300000)]
  0x000002b774f29260 JavaThread "Unconstrained build operations Thread 13" [_thread_blocked, id=6548, stack(0x000000ccaa300000,0x000000ccaa400000)]
  0x000002b774f29c80 JavaThread "Unconstrained build operations Thread 14" [_thread_blocked, id=11648, stack(0x000000ccaa400000,0x000000ccaa500000)]
  0x000002b774f2ca10 JavaThread "Unconstrained build operations Thread 15" [_thread_blocked, id=6440, stack(0x000000ccaa500000,0x000000ccaa600000)]
  0x000002b774f2abb0 JavaThread "Unconstrained build operations Thread 16" [_thread_blocked, id=12180, stack(0x000000ccaa600000,0x000000ccaa700000)]
  0x000002b774f2bff0 JavaThread "Unconstrained build operations Thread 17" [_thread_blocked, id=3624, stack(0x000000ccaa700000,0x000000ccaa800000)]
  0x000002b774f2ed80 JavaThread "Unconstrained build operations Thread 18" [_thread_blocked, id=1776, stack(0x000000ccaa800000,0x000000ccaa900000)]
  0x000002b774f27910 JavaThread "Unconstrained build operations Thread 19" [_thread_blocked, id=13320, stack(0x000000ccaa900000,0x000000ccaaa00000)]
  0x000002b774f2b0c0 JavaThread "Unconstrained build operations Thread 20" [_thread_blocked, id=1328, stack(0x000000ccaaa00000,0x000000ccaab00000)]
  0x000002b774f28d50 JavaThread "Unconstrained build operations Thread 21" [_thread_blocked, id=13512, stack(0x000000ccaab00000,0x000000ccaac00000)]
  0x000002b774f2b5d0 JavaThread "Unconstrained build operations Thread 22" [_thread_blocked, id=1388, stack(0x000000ccaac00000,0x000000ccaad00000)]
  0x000002b774f29770 JavaThread "Unconstrained build operations Thread 23" [_thread_blocked, id=12896, stack(0x000000ccaad00000,0x000000ccaae00000)]
  0x000002b774f2a190 JavaThread "Unconstrained build operations Thread 24" [_thread_blocked, id=4696, stack(0x000000ccaae00000,0x000000ccaaf00000)]
  0x000002b774f2bae0 JavaThread "Unconstrained build operations Thread 25" [_thread_blocked, id=6164, stack(0x000000ccaaf00000,0x000000ccab000000)]
  0x000002b774f27e20 JavaThread "Unconstrained build operations Thread 26" [_thread_blocked, id=5232, stack(0x000000ccab000000,0x000000ccab100000)]
  0x000002b774f2d430 JavaThread "Unconstrained build operations Thread 27" [_thread_blocked, id=6672, stack(0x000000ccab100000,0x000000ccab200000)]
  0x000002b774f2c500 JavaThread "Memory manager" [_thread_blocked, id=4684, stack(0x000000ccab200000,0x000000ccab300000)]
  0x000002b774f2de50 JavaThread "build event listener" [_thread_blocked, id=8072, stack(0x000000ccab300000,0x000000ccab400000)]

Other Threads:
  0x000002b76bc3ee10 VMThread "VM Thread" [stack: 0x000000cca6800000,0x000000cca6900000] [id=5244]
  0x000002b76be7bee0 WatcherThread [stack: 0x000000cca7500000,0x000000cca7600000] [id=5808]
  0x000002b74780d6a0 GCTaskThread "GC Thread#0" [stack: 0x000000cca6300000,0x000000cca6400000] [id=6056]
  0x000002b76c2cb120 GCTaskThread "GC Thread#1" [stack: 0x000000cca7700000,0x000000cca7800000] [id=9656]
  0x000002b771024090 GCTaskThread "GC Thread#2" [stack: 0x000000cca7800000,0x000000cca7900000] [id=7532]
  0x000002b76c7776d0 GCTaskThread "GC Thread#3" [stack: 0x000000cca7900000,0x000000cca7a00000] [id=2416]
  0x000002b76c2c3da0 GCTaskThread "GC Thread#4" [stack: 0x000000cca7a00000,0x000000cca7b00000] [id=10124]
  0x000002b77114de30 GCTaskThread "GC Thread#5" [stack: 0x000000cca7b00000,0x000000cca7c00000] [id=1524]
  0x000002b76bf716b0 GCTaskThread "GC Thread#6" [stack: 0x000000cca7c00000,0x000000cca7d00000] [id=3712]
  0x000002b77158dda0 GCTaskThread "GC Thread#7" [stack: 0x000000cca7d00000,0x000000cca7e00000] [id=12436]
  0x000002b74781e500 ConcurrentGCThread "G1 Main Marker" [stack: 0x000000cca6400000,0x000000cca6500000] [id=10900]
  0x000002b747820e50 ConcurrentGCThread "G1 Conc#0" [stack: 0x000000cca6500000,0x000000cca6600000] [id=7184]
  0x000002b774ea8030 ConcurrentGCThread "G1 Conc#1" [stack: 0x000000cca8d00000,0x000000cca8e00000] [id=4340]
  0x000002b74785ec10 ConcurrentGCThread "G1 Refine#0" [stack: 0x000000cca6600000,0x000000cca6700000] [id=11828]
  0x000002b774a976f0 ConcurrentGCThread "G1 Refine#1" [stack: 0x000000cca9400000,0x000000cca9500000] [id=11544]
  0x000002b76baf9c20 ConcurrentGCThread "G1 Service" [stack: 0x000000cca6700000,0x000000cca6800000] [id=1956]

Threads with active compile tasks:
C2 CompilerThread0     9686 7180       4       com.google.common.collect.ImmutableSet$RegularSetBuilderImpl::add (68 bytes)
C2 CompilerThread1     9686 7236       4       groovy.lang.MetaClassImpl$1MOPIter::methodNameAction (325 bytes)

VM state: not at safepoint (normal execution)

VM Mutex/Monitor currently owned by a thread: None

Heap address: 0x0000000700000000, size: 4096 MB, Compressed Oops mode: Zero based, Oop shift amount: 3

CDS archive(s) mapped at: [0x000002b700000000-0x000002b700bc0000-0x000002b700bc0000), size 12320768, SharedBaseAddress: 0x000002b700000000, ArchiveRelocationMode: 1.
Compressed class space mapped at: 0x000002b701000000-0x000002b741000000, reserved size: 1073741824
Narrow klass base: 0x000002b700000000, Narrow klass shift: 0, Narrow klass range: 0x100000000

GC Precious Log:
 CPUs: 8 total, 8 available
 Memory: 20257M
 Large Page Support: Disabled
 NUMA Support: Disabled
 Compressed Oops: Enabled (Zero based)
 Heap Region Size: 2M
 Heap Min Capacity: 8M
 Heap Initial Capacity: 318M
 Heap Max Capacity: 4G
 Pre-touch: Disabled
 Parallel Workers: 8
 Concurrent Workers: 2
 Concurrent Refinement Workers: 8
 Periodic GC: Disabled

Heap:
 garbage-first heap   total 153600K, used 115603K [0x0000000700000000, 0x0000000800000000)
  region size 2048K, 30 young (61440K), 3 survivors (6144K)
 Metaspace       used 62719K, committed 63360K, reserved 1114112K
  class space    used 8918K, committed 9216K, reserved 1048576K

Heap Regions: E=young(eden), S=young(survivor), O=old, HS=humongous(starts), HC=humongous(continues), CS=collection set, F=free, OA=open archive, CA=closed archive, TAMS=top-at-mark-start (previous, next)
|   0|0x0000000700000000, 0x0000000700200000, 0x0000000700200000|100%|HS|  |TAMS 0x0000000700200000, 0x0000000700000000| Complete 
|   1|0x0000000700200000, 0x0000000700400000, 0x0000000700400000|100%|HC|  |TAMS 0x0000000700400000, 0x0000000700200000| Complete 
|   2|0x0000000700400000, 0x0000000700600000, 0x0000000700600000|100%| O|  |TAMS 0x0000000700600000, 0x0000000700400000| Untracked 
|   3|0x0000000700600000, 0x0000000700800000, 0x0000000700800000|100%| O|  |TAMS 0x0000000700800000, 0x0000000700600000| Untracked 
|   4|0x0000000700800000, 0x0000000700a00000, 0x0000000700a00000|100%| O|  |TAMS 0x0000000700a00000, 0x0000000700800000| Untracked 
|   5|0x0000000700a00000, 0x0000000700c00000, 0x0000000700c00000|100%| O|  |TAMS 0x0000000700c00000, 0x0000000700a00000| Untracked 
|   6|0x0000000700c00000, 0x0000000700e00000, 0x0000000700e00000|100%| O|  |TAMS 0x0000000700e00000, 0x0000000700c00000| Untracked 
|   7|0x0000000700e00000, 0x0000000701000000, 0x0000000701000000|100%| O|  |TAMS 0x0000000701000000, 0x0000000700e00000| Untracked 
|   8|0x0000000701000000, 0x0000000701200000, 0x0000000701200000|100%| O|  |TAMS 0x0000000701200000, 0x0000000701000000| Untracked 
|   9|0x0000000701200000, 0x0000000701400000, 0x0000000701400000|100%| O|  |TAMS 0x0000000701400000, 0x0000000701200000| Untracked 
|  10|0x0000000701400000, 0x0000000701600000, 0x0000000701600000|100%| O|  |TAMS 0x0000000701600000, 0x0000000701400000| Untracked 
|  11|0x0000000701600000, 0x0000000701800000, 0x0000000701800000|100%| O|  |TAMS 0x0000000701800000, 0x0000000701600000| Untracked 
|  12|0x0000000701800000, 0x0000000701a00000, 0x0000000701a00000|100%| O|  |TAMS 0x0000000701a00000, 0x0000000701800000| Untracked 
|  13|0x0000000701a00000, 0x0000000701c00000, 0x0000000701c00000|100%|HS|  |TAMS 0x0000000701c00000, 0x0000000701a00000| Complete 
|  14|0x0000000701c00000, 0x0000000701e00000, 0x0000000701e00000|100%| O|  |TAMS 0x0000000701e00000, 0x0000000701c00000| Complete 
|  15|0x0000000701e00000, 0x0000000702000000, 0x0000000702000000|100%| O|  |TAMS 0x0000000702000000, 0x0000000701e00000| Untracked 
|  16|0x0000000702000000, 0x0000000702200000, 0x0000000702200000|100%| O|  |TAMS 0x0000000702200000, 0x0000000702000000| Untracked 
|  17|0x0000000702200000, 0x0000000702400000, 0x0000000702400000|100%|HS|  |TAMS 0x0000000702400000, 0x0000000702200000| Complete 
|  18|0x0000000702400000, 0x0000000702600000, 0x0000000702600000|100%| O|  |TAMS 0x00000007025bca00, 0x0000000702400000| Untracked 
|  19|0x0000000702600000, 0x0000000702800000, 0x0000000702800000|100%|HS|  |TAMS 0x0000000702800000, 0x0000000702600000| Complete 
|  20|0x0000000702800000, 0x0000000702a00000, 0x0000000702a00000|100%|HC|  |TAMS 0x0000000702a00000, 0x0000000702800000| Complete 
|  21|0x0000000702a00000, 0x0000000702c00000, 0x0000000702c00000|100%|HS|  |TAMS 0x0000000702c00000, 0x0000000702a00000| Complete 
|  22|0x0000000702c00000, 0x0000000702e00000, 0x0000000702e00000|100%|HC|  |TAMS 0x0000000702e00000, 0x0000000702c00000| Complete 
|  23|0x0000000702e00000, 0x0000000703000000, 0x0000000703000000|100%| O|  |TAMS 0x0000000702e00000, 0x0000000702e00000| Untracked 
|  24|0x0000000703000000, 0x0000000703200000, 0x0000000703200000|100%| O|  |TAMS 0x0000000703000000, 0x0000000703000000| Untracked 
|  25|0x0000000703200000, 0x0000000703200000, 0x0000000703400000|  0%| F|  |TAMS 0x0000000703200000, 0x0000000703200000| Untracked 
|  26|0x0000000703400000, 0x0000000703400000, 0x0000000703600000|  0%| F|  |TAMS 0x0000000703400000, 0x0000000703400000| Untracked 
|  27|0x0000000703600000, 0x0000000703600000, 0x0000000703800000|  0%| F|  |TAMS 0x0000000703600000, 0x0000000703600000| Untracked 
|  28|0x0000000703800000, 0x0000000703a00000, 0x0000000703a00000|100%| O|  |TAMS 0x0000000703800000, 0x0000000703800000| Untracked 
|  29|0x0000000703a00000, 0x0000000703c00000, 0x0000000703c00000|100%| O|  |TAMS 0x0000000703a00000, 0x0000000703a00000| Untracked 
|  30|0x0000000703c00000, 0x0000000703e00000, 0x0000000703e00000|100%| O|  |TAMS 0x0000000703c00000, 0x0000000703c00000| Untracked 
|  31|0x0000000703e00000, 0x0000000703ea9800, 0x0000000704000000| 33%| O|  |TAMS 0x0000000703e00000, 0x0000000703e00000| Untracked 
|  32|0x0000000704000000, 0x0000000704000000, 0x0000000704200000|  0%| F|  |TAMS 0x0000000704000000, 0x0000000704000000| Untracked 
|  33|0x0000000704200000, 0x0000000704200000, 0x0000000704400000|  0%| F|  |TAMS 0x0000000704200000, 0x0000000704200000| Untracked 
|  34|0x0000000704400000, 0x0000000704400000, 0x0000000704600000|  0%| F|  |TAMS 0x0000000704400000, 0x0000000704400000| Untracked 
|  35|0x0000000704600000, 0x0000000704600000, 0x0000000704800000|  0%| F|  |TAMS 0x0000000704600000, 0x0000000704600000| Untracked 
|  36|0x0000000704800000, 0x0000000704800000, 0x0000000704a00000|  0%| F|  |TAMS 0x0000000704800000, 0x0000000704800000| Untracked 
|  37|0x0000000704a00000, 0x0000000704a00000, 0x0000000704c00000|  0%| F|  |TAMS 0x0000000704a00000, 0x0000000704a00000| Untracked 
|  38|0x0000000704c00000, 0x0000000704c00000, 0x0000000704e00000|  0%| F|  |TAMS 0x0000000704c00000, 0x0000000704c00000| Untracked 
|  39|0x0000000704e00000, 0x0000000704e00000, 0x0000000705000000|  0%| F|  |TAMS 0x0000000704e00000, 0x0000000704e00000| Untracked 
|  40|0x0000000705000000, 0x0000000705000000, 0x0000000705200000|  0%| F|  |TAMS 0x0000000705000000, 0x0000000705000000| Untracked 
|  41|0x0000000705200000, 0x0000000705200000, 0x0000000705400000|  0%| F|  |TAMS 0x0000000705200000, 0x0000000705200000| Untracked 
|  42|0x0000000705400000, 0x0000000705400000, 0x0000000705600000|  0%| F|  |TAMS 0x0000000705400000, 0x0000000705400000| Untracked 
|  43|0x0000000705600000, 0x0000000705600000, 0x0000000705800000|  0%| F|  |TAMS 0x0000000705600000, 0x0000000705600000| Untracked 
|  44|0x0000000705800000, 0x0000000705800000, 0x0000000705a00000|  0%| F|  |TAMS 0x0000000705800000, 0x0000000705800000| Untracked 
|  45|0x0000000705a00000, 0x0000000705c00000, 0x0000000705c00000|100%| E|  |TAMS 0x0000000705a00000, 0x0000000705a00000| Complete 
|  46|0x0000000705c00000, 0x0000000705e00000, 0x0000000705e00000|100%| E|CS|TAMS 0x0000000705c00000, 0x0000000705c00000| Complete 
|  47|0x0000000705e00000, 0x0000000706000000, 0x0000000706000000|100%| E|CS|TAMS 0x0000000705e00000, 0x0000000705e00000| Complete 
|  48|0x0000000706000000, 0x0000000706200000, 0x0000000706200000|100%| E|CS|TAMS 0x0000000706000000, 0x0000000706000000| Complete 
|  49|0x0000000706200000, 0x0000000706400000, 0x0000000706400000|100%| E|CS|TAMS 0x0000000706200000, 0x0000000706200000| Complete 
|  50|0x0000000706400000, 0x0000000706600000, 0x0000000706600000|100%| E|CS|TAMS 0x0000000706400000, 0x0000000706400000| Complete 
|  51|0x0000000706600000, 0x0000000706800000, 0x0000000706800000|100%| E|CS|TAMS 0x0000000706600000, 0x0000000706600000| Complete 
|  52|0x0000000706800000, 0x000000070683b6f8, 0x0000000706a00000| 11%| S|CS|TAMS 0x0000000706800000, 0x0000000706800000| Complete 
|  53|0x0000000706a00000, 0x0000000706c00000, 0x0000000706c00000|100%| S|CS|TAMS 0x0000000706a00000, 0x0000000706a00000| Complete 
|  54|0x0000000706c00000, 0x0000000706e00000, 0x0000000706e00000|100%| S|CS|TAMS 0x0000000706c00000, 0x0000000706c00000| Complete 
|  55|0x0000000706e00000, 0x0000000707000000, 0x0000000707000000|100%| E|CS|TAMS 0x0000000706e00000, 0x0000000706e00000| Complete 
|  56|0x0000000707000000, 0x0000000707200000, 0x0000000707200000|100%| E|CS|TAMS 0x0000000707000000, 0x0000000707000000| Complete 
|  57|0x0000000707200000, 0x0000000707400000, 0x0000000707400000|100%| E|CS|TAMS 0x0000000707200000, 0x0000000707200000| Complete 
|  58|0x0000000707400000, 0x0000000707600000, 0x0000000707600000|100%| E|CS|TAMS 0x0000000707400000, 0x0000000707400000| Complete 
|  59|0x0000000707600000, 0x0000000707800000, 0x0000000707800000|100%| E|CS|TAMS 0x0000000707600000, 0x0000000707600000| Complete 
|  60|0x0000000707800000, 0x0000000707a00000, 0x0000000707a00000|100%| E|CS|TAMS 0x0000000707800000, 0x0000000707800000| Complete 
|  61|0x0000000707a00000, 0x0000000707c00000, 0x0000000707c00000|100%| E|CS|TAMS 0x0000000707a00000, 0x0000000707a00000| Complete 
|  62|0x0000000707c00000, 0x0000000707e00000, 0x0000000707e00000|100%| E|CS|TAMS 0x0000000707c00000, 0x0000000707c00000| Complete 
|  63|0x0000000707e00000, 0x0000000708000000, 0x0000000708000000|100%| E|CS|TAMS 0x0000000707e00000, 0x0000000707e00000| Complete 
|  64|0x0000000708000000, 0x0000000708200000, 0x0000000708200000|100%| E|CS|TAMS 0x0000000708000000, 0x0000000708000000| Complete 
|  65|0x0000000708200000, 0x0000000708400000, 0x0000000708400000|100%| E|CS|TAMS 0x0000000708200000, 0x0000000708200000| Complete 
|  66|0x0000000708400000, 0x0000000708600000, 0x0000000708600000|100%| E|CS|TAMS 0x0000000708400000, 0x0000000708400000| Complete 
|  95|0x000000070be00000, 0x000000070c000000, 0x000000070c000000|100%| E|CS|TAMS 0x000000070be00000, 0x000000070be00000| Complete 
|  96|0x000000070c000000, 0x000000070c200000, 0x000000070c200000|100%| E|CS|TAMS 0x000000070c000000, 0x000000070c000000| Complete 
|  97|0x000000070c200000, 0x000000070c400000, 0x000000070c400000|100%| E|CS|TAMS 0x000000070c200000, 0x000000070c200000| Complete 
|  98|0x000000070c400000, 0x000000070c600000, 0x000000070c600000|100%| E|CS|TAMS 0x000000070c400000, 0x000000070c400000| Complete 
|  99|0x000000070c600000, 0x000000070c800000, 0x000000070c800000|100%| E|CS|TAMS 0x000000070c600000, 0x000000070c600000| Complete 
| 100|0x000000070c800000, 0x000000070ca00000, 0x000000070ca00000|100%| E|CS|TAMS 0x000000070c800000, 0x000000070c800000| Complete 
| 101|0x000000070ca00000, 0x000000070cc00000, 0x000000070cc00000|100%| E|CS|TAMS 0x000000070ca00000, 0x000000070ca00000| Complete 
| 158|0x0000000713c00000, 0x0000000713e00000, 0x0000000713e00000|100%| E|CS|TAMS 0x0000000713c00000, 0x0000000713c00000| Complete 

Card table byte_map: [0x000002b7601a0000,0x000002b7609a0000] _byte_map_base: 0x000002b75c9a0000

Marking Bits (Prev, Next): (CMBitMap*) 0x000002b74780dc10, (CMBitMap*) 0x000002b74780dbd0
 Prev Bits: [0x000002b7651a0000, 0x000002b7691a0000)
 Next Bits: [0x000002b7611a0000, 0x000002b7651a0000)

Polling page: 0x000002b746f60000

Metaspace:

Usage:
  Non-class:     52.54 MB used.
      Class:      8.71 MB used.
       Both:     61.26 MB used.

Virtual space:
  Non-class space:       64.00 MB reserved,      52.88 MB ( 83%) committed,  1 nodes.
      Class space:        1.00 GB reserved,       9.00 MB ( <1%) committed,  1 nodes.
             Both:        1.06 GB reserved,      61.88 MB (  6%) committed. 

Chunk freelists:
   Non-Class:  10.39 MB
       Class:  6.89 MB
        Both:  17.28 MB

MaxMetaspaceSize: 2.00 GB
CompressedClassSpaceSize: 1.00 GB
Initial GC threshold: 21.00 MB
Current GC threshold: 98.56 MB
CDS: on
MetaspaceReclaimPolicy: balanced
 - commit_granule_bytes: 65536.
 - commit_granule_words: 8192.
 - virtual_space_node_default_size: 8388608.
 - enlarge_chunks_in_place: 1.
 - new_chunks_are_fully_committed: 0.
 - uncommit_free_chunks: 1.
 - use_allocation_guard: 0.
 - handle_deallocations: 1.


Internal statistics:

num_allocs_failed_limit: 9.
num_arena_births: 832.
num_arena_deaths: 0.
num_vsnodes_births: 2.
num_vsnodes_deaths: 0.
num_space_committed: 990.
num_space_uncommitted: 0.
num_chunks_returned_to_freelist: 9.
num_chunks_taken_from_freelist: 3433.
num_chunk_merges: 9.
num_chunk_splits: 2263.
num_chunks_enlarged: 1497.
num_inconsistent_stats: 0.

CodeHeap 'non-profiled nmethods': size=120000Kb used=3849Kb max_used=3849Kb free=116150Kb
 bounds [0x000002b758140000, 0x000002b758510000, 0x000002b75f670000]
CodeHeap 'profiled nmethods': size=120000Kb used=12377Kb max_used=12377Kb free=107622Kb
 bounds [0x000002b750670000, 0x000002b751290000, 0x000002b757ba0000]
CodeHeap 'non-nmethods': size=5760Kb used=2383Kb max_used=2426Kb free=3376Kb
 bounds [0x000002b757ba0000, 0x000002b757e10000, 0x000002b758140000]
 total_blobs=7416 nmethods=6519 adapters=808
 compilation: enabled
              stopped_count=0, restarted_count=0
 full_count=0

Compilation events (20 events):
Event: 9.621 Thread 0x000002b76bccf000 7240       3       com.google.common.base.Preconditions::checkNotNull (30 bytes)
Event: 9.622 Thread 0x000002b76bccf000 nmethod 7240 0x000002b75126b610 code [0x000002b75126b7e0, 0x000002b75126bdd8]
Event: 9.622 Thread 0x000002b76bccf000 7241       3       org.gradle.model.internal.asm.ClassVisitorScope::addMethod (11 bytes)
Event: 9.623 Thread 0x000002b76bccf000 nmethod 7241 0x000002b75126bf90 code [0x000002b75126c140, 0x000002b75126c288]
Event: 9.625 Thread 0x000002b76bccf000 7242       3       java.io.ObjectStreamClass::forClass (52 bytes)
Event: 9.628 Thread 0x000002b76bccf000 nmethod 7242 0x000002b75126c390 code [0x000002b75126c840, 0x000002b75126f048]
Event: 9.628 Thread 0x000002b76bccf000 7243       3       java.io.ObjectInputStream$PeekInputStream::peek (49 bytes)
Event: 9.628 Thread 0x000002b76bccf000 nmethod 7243 0x000002b75126fc10 code [0x000002b75126fdc0, 0x000002b751270068]
Event: 9.628 Thread 0x000002b76bccf000 7245       3       org.objectweb.asm.SymbolTable::hash (19 bytes)
Event: 9.628 Thread 0x000002b76bccf000 nmethod 7245 0x000002b751270110 code [0x000002b7512702c0, 0x000002b751270458]
Event: 9.628 Thread 0x000002b76bccf000 7244       3       org.gradle.api.internal.provider.ValueState$NonFinalizedValue::beforeMutate (34 bytes)
Event: 9.629 Thread 0x000002b76bccf000 nmethod 7244 0x000002b751270590 code [0x000002b751270800, 0x000002b751271448]
Event: 9.631 Thread 0x000002b76bccf000 7246       3       org.gradle.api.internal.provider.AbstractMinimalProvider::openScope (8 bytes)
Event: 9.631 Thread 0x000002b76bccf000 nmethod 7246 0x000002b751271890 code [0x000002b751271a60, 0x000002b751271ef8]
Event: 9.631 Thread 0x000002b76bccf000 7247       3       org.gradle.api.internal.provider.EvaluationContext::current (4 bytes)
Event: 9.631 Thread 0x000002b76bccf000 nmethod 7247 0x000002b751272110 code [0x000002b7512722a0, 0x000002b751272398]
Event: 9.631 Thread 0x000002b76bccf000 7248       3       it.unimi.dsi.fastutil.objects.ReferenceArrayList::remove (138 bytes)
Event: 9.632 Thread 0x000002b76bccf000 nmethod 7248 0x000002b751272410 code [0x000002b751272660, 0x000002b751272d28]
Event: 9.632 Thread 0x000002b76bccf000 7249       3       org.gradle.internal.service.RelevantMethods::getMethods (42 bytes)
Event: 9.632 Thread 0x000002b76bccf000 nmethod 7249 0x000002b751273010 code [0x000002b751273200, 0x000002b751273618]

GC Heap History (20 events):
Event: 3.807 GC heap before
{Heap before GC invocations=5 (full 0):
 garbage-first heap   total 96256K, used 66811K [0x0000000700000000, 0x0000000800000000)
  region size 2048K, 28 young (57344K), 7 survivors (14336K)
 Metaspace       used 25969K, committed 26304K, reserved 1114112K
  class space    used 3836K, committed 3968K, reserved 1048576K
}
Event: 3.813 GC heap after
{Heap after GC invocations=6 (full 0):
 garbage-first heap   total 96256K, used 25870K [0x0000000700000000, 0x0000000800000000)
  region size 2048K, 2 young (4096K), 2 survivors (4096K)
 Metaspace       used 25969K, committed 26304K, reserved 1114112K
  class space    used 3836K, committed 3968K, reserved 1048576K
}
Event: 3.836 GC heap before
{Heap before GC invocations=6 (full 0):
 garbage-first heap   total 96256K, used 25870K [0x0000000700000000, 0x0000000800000000)
  region size 2048K, 3 young (6144K), 2 survivors (4096K)
 Metaspace       used 26199K, committed 26624K, reserved 1114112K
  class space    used 3871K, committed 4032K, reserved 1048576K
}
Event: 3.838 GC heap after
{Heap after GC invocations=7 (full 0):
 garbage-first heap   total 96256K, used 26236K [0x0000000700000000, 0x0000000800000000)
  region size 2048K, 1 young (2048K), 1 survivors (2048K)
 Metaspace       used 26199K, committed 26624K, reserved 1114112K
  class space    used 3871K, committed 4032K, reserved 1048576K
}
Event: 4.241 GC heap before
{Heap before GC invocations=7 (full 0):
 garbage-first heap   total 96256K, used 67196K [0x0000000700000000, 0x0000000800000000)
  region size 2048K, 22 young (45056K), 1 survivors (2048K)
 Metaspace       used 31857K, committed 32192K, reserved 1114112K
  class space    used 4469K, committed 4608K, reserved 1048576K
}
Event: 4.245 GC heap after
{Heap after GC invocations=8 (full 0):
 garbage-first heap   total 96256K, used 30095K [0x0000000700000000, 0x0000000800000000)
  region size 2048K, 3 young (6144K), 3 survivors (6144K)
 Metaspace       used 31857K, committed 32192K, reserved 1114112K
  class space    used 4469K, committed 4608K, reserved 1048576K
}
Event: 4.736 GC heap before
{Heap before GC invocations=8 (full 0):
 garbage-first heap   total 96256K, used 60815K [0x0000000700000000, 0x0000000800000000)
  region size 2048K, 18 young (36864K), 3 survivors (6144K)
 Metaspace       used 35572K, committed 35968K, reserved 1114112K
  class space    used 4941K, committed 5120K, reserved 1048576K
}
Event: 4.740 GC heap after
{Heap after GC invocations=9 (full 0):
 garbage-first heap   total 96256K, used 32422K [0x0000000700000000, 0x0000000800000000)
  region size 2048K, 2 young (4096K), 2 survivors (4096K)
 Metaspace       used 35572K, committed 35968K, reserved 1114112K
  class space    used 4941K, committed 5120K, reserved 1048576K
}
Event: 5.054 GC heap before
{Heap before GC invocations=10 (full 0):
 garbage-first heap   total 96256K, used 71334K [0x0000000700000000, 0x0000000800000000)
  region size 2048K, 21 young (43008K), 2 survivors (4096K)
 Metaspace       used 37187K, committed 37632K, reserved 1114112K
  class space    used 5199K, committed 5440K, reserved 1048576K
}
Event: 5.058 GC heap after
{Heap after GC invocations=11 (full 0):
 garbage-first heap   total 96256K, used 33558K [0x0000000700000000, 0x0000000800000000)
  region size 2048K, 2 young (4096K), 2 survivors (4096K)
 Metaspace       used 37187K, committed 37632K, reserved 1114112K
  class space    used 5199K, committed 5440K, reserved 1048576K
}
Event: 5.104 GC heap before
{Heap before GC invocations=11 (full 0):
 garbage-first heap   total 96256K, used 35606K [0x0000000700000000, 0x0000000800000000)
  region size 2048K, 3 young (6144K), 2 survivors (4096K)
 Metaspace       used 37287K, committed 37824K, reserved 1114112K
  class space    used 5213K, committed 5440K, reserved 1048576K
}
Event: 5.108 GC heap after
{Heap after GC invocations=12 (full 0):
 garbage-first heap   total 96256K, used 33758K [0x0000000700000000, 0x0000000800000000)
  region size 2048K, 1 young (2048K), 1 survivors (2048K)
 Metaspace       used 37287K, committed 37824K, reserved 1114112K
  class space    used 5213K, committed 5440K, reserved 1048576K
}
Event: 5.760 GC heap before
{Heap before GC invocations=12 (full 0):
 garbage-first heap   total 96256K, used 74718K [0x0000000700000000, 0x0000000800000000)
  region size 2048K, 21 young (43008K), 1 survivors (2048K)
 Metaspace       used 41401K, committed 41984K, reserved 1114112K
  class space    used 5874K, committed 6144K, reserved 1048576K
}
Event: 5.763 GC heap after
{Heap after GC invocations=13 (full 0):
 garbage-first heap   total 153600K, used 34716K [0x0000000700000000, 0x0000000800000000)
  region size 2048K, 1 young (2048K), 1 survivors (2048K)
 Metaspace       used 41401K, committed 41984K, reserved 1114112K
  class space    used 5874K, committed 6144K, reserved 1048576K
}
Event: 7.044 GC heap before
{Heap before GC invocations=13 (full 0):
 garbage-first heap   total 153600K, used 120732K [0x0000000700000000, 0x0000000800000000)
  region size 2048K, 44 young (90112K), 1 survivors (2048K)
 Metaspace       used 51010K, committed 51584K, reserved 1114112K
  class space    used 7240K, committed 7488K, reserved 1048576K
}
Event: 7.051 GC heap after
{Heap after GC invocations=14 (full 0):
 garbage-first heap   total 153600K, used 39813K [0x0000000700000000, 0x0000000800000000)
  region size 2048K, 4 young (8192K), 4 survivors (8192K)
 Metaspace       used 51010K, committed 51584K, reserved 1114112K
  class space    used 7240K, committed 7488K, reserved 1048576K
}
Event: 8.348 GC heap before
{Heap before GC invocations=14 (full 0):
 garbage-first heap   total 153600K, used 123781K [0x0000000700000000, 0x0000000800000000)
  region size 2048K, 44 young (90112K), 4 survivors (8192K)
 Metaspace       used 55814K, committed 56448K, reserved 1114112K
  class space    used 7968K, committed 8256K, reserved 1048576K
}
Event: 8.360 GC heap after
{Heap after GC invocations=15 (full 0):
 garbage-first heap   total 153600K, used 50397K [0x0000000700000000, 0x0000000800000000)
  region size 2048K, 6 young (12288K), 6 survivors (12288K)
 Metaspace       used 55814K, committed 56448K, reserved 1114112K
  class space    used 7968K, committed 8256K, reserved 1048576K
}
Event: 9.185 GC heap before
{Heap before GC invocations=15 (full 0):
 garbage-first heap   total 153600K, used 97501K [0x0000000700000000, 0x0000000800000000)
  region size 2048K, 26 young (53248K), 6 survivors (12288K)
 Metaspace       used 59672K, committed 60288K, reserved 1114112K
  class space    used 8491K, committed 8768K, reserved 1048576K
}
Event: 9.192 GC heap after
{Heap after GC invocations=16 (full 0):
 garbage-first heap   total 153600K, used 62355K [0x0000000700000000, 0x0000000800000000)
  region size 2048K, 3 young (6144K), 3 survivors (6144K)
 Metaspace       used 59672K, committed 60288K, reserved 1114112K
  class space    used 8491K, committed 8768K, reserved 1048576K
}

Dll operation events (15 events):
Event: 0.007 Loaded shared library C:\Program Files\OpenLogic\jdk-17.0.13.11-hotspot\bin\java.dll
Event: 0.026 Loaded shared library C:\Program Files\OpenLogic\jdk-17.0.13.11-hotspot\bin\jsvml.dll
Event: 0.092 Loaded shared library C:\Program Files\OpenLogic\jdk-17.0.13.11-hotspot\bin\zip.dll
Event: 0.094 Loaded shared library C:\Program Files\OpenLogic\jdk-17.0.13.11-hotspot\bin\instrument.dll
Event: 0.097 Loaded shared library C:\Program Files\OpenLogic\jdk-17.0.13.11-hotspot\bin\net.dll
Event: 0.098 Loaded shared library C:\Program Files\OpenLogic\jdk-17.0.13.11-hotspot\bin\nio.dll
Event: 0.100 Loaded shared library C:\Program Files\OpenLogic\jdk-17.0.13.11-hotspot\bin\zip.dll
Event: 0.283 Loaded shared library C:\Program Files\OpenLogic\jdk-17.0.13.11-hotspot\bin\jimage.dll
Event: 0.417 Loaded shared library C:\Program Files\OpenLogic\jdk-17.0.13.11-hotspot\bin\verify.dll
Event: 0.579 Loaded shared library C:\Users\maestro\.gradle\native\c067742578af261105cb4f569cf0c3c89f3d7b1fecec35dd04571415982c5e48\windows-amd64\native-platform.dll
Event: 0.582 Loaded shared library C:\Users\maestro\.gradle\native\100fb08df4bc3b14c8652ba06237920a3bd2aa13389f12d3474272988ae205f9\windows-amd64\native-platform-file-events.dll
Event: 1.480 Loaded shared library C:\Program Files\OpenLogic\jdk-17.0.13.11-hotspot\bin\management.dll
Event: 1.483 Loaded shared library C:\Program Files\OpenLogic\jdk-17.0.13.11-hotspot\bin\management_ext.dll
Event: 1.637 Loaded shared library C:\Program Files\OpenLogic\jdk-17.0.13.11-hotspot\bin\extnet.dll
Event: 1.816 Loaded shared library C:\Program Files\OpenLogic\jdk-17.0.13.11-hotspot\bin\sunmscapi.dll

Deoptimization events (20 events):
Event: 9.154 Thread 0x000002b7726837e0 DEOPT PACKING pc=0x000002b7581d16e4 sp=0x000000cca84f45b0
Event: 9.154 Thread 0x000002b7726837e0 DEOPT UNPACKING pc=0x000002b757bfa1a3 sp=0x000000cca84f44c0 mode 2
Event: 9.181 Thread 0x000002b7726837e0 Uncommon trap: trap_request=0xffffffde fr.pc=0x000002b7584ebd58 relative=0x0000000000000578
Event: 9.181 Thread 0x000002b7726837e0 Uncommon trap: reason=class_check action=maybe_recompile pc=0x000002b7584ebd58 method=kotlin.reflect.jvm.internal.impl.protobuf.CodedInputStream.tryRefillBuffer(I)Z @ 175 c2
Event: 9.181 Thread 0x000002b7726837e0 DEOPT PACKING pc=0x000002b7584ebd58 sp=0x000000cca84f45c0
Event: 9.181 Thread 0x000002b7726837e0 DEOPT UNPACKING pc=0x000002b757bfa1a3 sp=0x000000cca84f44a8 mode 2
Event: 9.183 Thread 0x000002b7726837e0 Uncommon trap: trap_request=0xffffffde fr.pc=0x000002b7584ebd58 relative=0x0000000000000578
Event: 9.183 Thread 0x000002b7726837e0 Uncommon trap: reason=class_check action=maybe_recompile pc=0x000002b7584ebd58 method=kotlin.reflect.jvm.internal.impl.protobuf.CodedInputStream.tryRefillBuffer(I)Z @ 175 c2
Event: 9.183 Thread 0x000002b7726837e0 DEOPT PACKING pc=0x000002b7584ebd58 sp=0x000000cca84f45c0
Event: 9.183 Thread 0x000002b7726837e0 DEOPT UNPACKING pc=0x000002b757bfa1a3 sp=0x000000cca84f44a8 mode 2
Event: 9.183 Thread 0x000002b7726837e0 Uncommon trap: trap_request=0xffffffde fr.pc=0x000002b7584ebd58 relative=0x0000000000000578
Event: 9.183 Thread 0x000002b7726837e0 Uncommon trap: reason=class_check action=maybe_recompile pc=0x000002b7584ebd58 method=kotlin.reflect.jvm.internal.impl.protobuf.CodedInputStream.tryRefillBuffer(I)Z @ 175 c2
Event: 9.183 Thread 0x000002b7726837e0 DEOPT PACKING pc=0x000002b7584ebd58 sp=0x000000cca84f46b0
Event: 9.183 Thread 0x000002b7726837e0 DEOPT UNPACKING pc=0x000002b757bfa1a3 sp=0x000000cca84f4598 mode 2
Event: 9.184 Thread 0x000002b7726837e0 Uncommon trap: trap_request=0xffffffde fr.pc=0x000002b7584ebd58 relative=0x0000000000000578
Event: 9.184 Thread 0x000002b7726837e0 Uncommon trap: reason=class_check action=maybe_recompile pc=0x000002b7584ebd58 method=kotlin.reflect.jvm.internal.impl.protobuf.CodedInputStream.tryRefillBuffer(I)Z @ 175 c2
Event: 9.184 Thread 0x000002b7726837e0 DEOPT PACKING pc=0x000002b7584ebd58 sp=0x000000cca84f46b0
Event: 9.184 Thread 0x000002b7726837e0 DEOPT UNPACKING pc=0x000002b757bfa1a3 sp=0x000000cca84f4598 mode 2
Event: 9.415 Thread 0x000002b7726837e0 DEOPT PACKING pc=0x000002b750aeedb3 sp=0x000000cca84f5290
Event: 9.415 Thread 0x000002b7726837e0 DEOPT UNPACKING pc=0x000002b757bface3 sp=0x000000cca84f47b0 mode 0

Classes loaded (20 events):
Event: 8.797 Loading class java/time/format/DateTimeFormatterBuilder$WeekBasedFieldPrinterParser
Event: 8.797 Loading class java/time/format/DateTimeFormatterBuilder$WeekBasedFieldPrinterParser done
Event: 8.844 Loading class com/sun/jmx/mbeanserver/StandardMBeanSupport
Event: 8.845 Loading class com/sun/jmx/mbeanserver/StandardMBeanSupport done
Event: 8.845 Loading class com/sun/jmx/mbeanserver/StandardMBeanIntrospector
Event: 8.845 Loading class com/sun/jmx/mbeanserver/StandardMBeanIntrospector done
Event: 8.972 Loading class sun/reflect/misc/MethodUtil
Event: 8.972 Loading class sun/reflect/misc/MethodUtil done
Event: 8.972 Loading class sun/reflect/misc/MethodUtil$1
Event: 8.972 Loading class sun/reflect/misc/MethodUtil$1 done
Event: 8.980 Loading class java/nio/channels/Channels$1
Event: 8.980 Loading class java/nio/channels/Channels$1 done
Event: 9.174 Loading class java/lang/Override
Event: 9.175 Loading class java/lang/Override done
Event: 9.285 Loading class java/util/regex/Pattern$Pos
Event: 9.285 Loading class java/util/regex/Pattern$Pos done
Event: 9.401 Loading class java/util/AbstractList$ListItr
Event: 9.401 Loading class java/util/AbstractList$ListItr done
Event: 9.447 Loading class java/util/regex/Pattern$1
Event: 9.447 Loading class java/util/regex/Pattern$1 done

Classes unloaded (0 events):
No events

Classes redefined (0 events):
No events

Internal exceptions (20 events):
Event: 8.446 Thread 0x000002b7726837e0 Exception <a 'java/lang/NoSuchMethodError'{0x000000070c87a838}: static Lorg/jetbrains/kotlin/gradle/plugin/internal/DefaultConfigurationCacheStartParameterAccessorVariantFactory;.<clinit>()V> (0x000000070c87a838) 
thrown [s\src\hotspot\share\prims\jni.cpp, line 1112]
Event: 8.451 Thread 0x000002b7726837e0 Exception <a 'java/lang/NoSuchMethodError'{0x000000070c89fb38}: static Lorg/jetbrains/kotlin/gradle/plugin/internal/MavenPluginConfigurator$DefaultMavenPluginConfiguratorVariantFactory;.<clinit>()V> (0x000000070c89fb38) 
thrown [s\src\hotspot\share\prims\jni.cpp, line 1112]
Event: 8.459 Thread 0x000002b7726837e0 Exception <a 'java/lang/NoSuchMethodError'{0x000000070c8c32f8}: static Lorg/jetbrains/kotlin/gradle/targets/js/nodejs/DefaultUnameExecutorVariantFactory;.<clinit>()V> (0x000000070c8c32f8) 
thrown [s\src\hotspot\share\prims\jni.cpp, line 1112]
Event: 8.462 Thread 0x000002b7726837e0 Exception <a 'java/lang/NoSuchMethodError'{0x000000070c8e7518}: static Lorg/jetbrains/kotlin/gradle/plugin/internal/DefaultBasePluginConfigurationVariantFactory;.<clinit>()V> (0x000000070c8e7518) 
thrown [s\src\hotspot\share\prims\jni.cpp, line 1112]
Event: 8.534 Thread 0x000002b7726837e0 Exception <a 'java/lang/IncompatibleClassChangeError'{0x000000070c9b3508}: Found class java.lang.Object, but interface was expected> (0x000000070c9b3508) 
thrown [s\src\hotspot\share\interpreter\linkResolver.cpp, line 826]
Event: 8.973 Thread 0x000002b7726837e0 Implicit null exception at 0x000002b7583bca59 to 0x000002b7583bcbfc
Event: 8.973 Thread 0x000002b7726837e0 Implicit null exception at 0x000002b7583b4d2a to 0x000002b7583b6b58
Event: 9.590 Thread 0x000002b7726837e0 Exception <a 'java/lang/ClassNotFoundException'{0x0000000706589fb8}: org/jetbrains/kotlin/gradle/targets/js/npm/DefaultNpmDependencyExtensionBeanInfo> (0x0000000706589fb8) 
thrown [s\src\hotspot\share\classfile\systemDictionary.cpp, line 256]
Event: 9.590 Thread 0x000002b7726837e0 Exception <a 'java/lang/ClassNotFoundException'{0x000000070659e700}: org/jetbrains/kotlin/gradle/targets/js/npm/DefaultNpmDependencyExtensionCustomizer> (0x000000070659e700) 
thrown [s\src\hotspot\share\classfile\systemDictionary.cpp, line 256]
Event: 9.599 Thread 0x000002b7726837e0 Exception <a 'java/lang/ClassNotFoundException'{0x0000000706251d18}: org/jetbrains/kotlin/gradle/targets/js/npm/NpmDependencyExtensionKt$defaultNpmDependencyDelegate$1BeanInfo> (0x0000000706251d18) 
thrown [s\src\hotspot\share\classfile\systemDictionary.cpp, line 256]
Event: 9.599 Thread 0x000002b7726837e0 Exception <a 'java/lang/ClassNotFoundException'{0x0000000706266748}: org/jetbrains/kotlin/gradle/targets/js/npm/NpmDependencyExtensionDelegateBeanInfo> (0x0000000706266748) 
thrown [s\src\hotspot\share\classfile\systemDictionary.cpp, line 256]
Event: 9.599 Thread 0x000002b7726837e0 Exception <a 'java/lang/ClassNotFoundException'{0x000000070627b188}: org/jetbrains/kotlin/gradle/targets/js/npm/NpmDependencyExtensionDelegateCustomizer> (0x000000070627b188) 
thrown [s\src\hotspot\share\classfile\systemDictionary.cpp, line 256]
Event: 9.601 Thread 0x000002b7726837e0 Exception <a 'java/lang/ClassNotFoundException'{0x00000007062b6480}: org/jetbrains/kotlin/gradle/targets/js/npm/NpmDependencyExtensionKt$defaultNpmDependencyDelegate$1Customizer> (0x00000007062b6480) 
thrown [s\src\hotspot\share\classfile\systemDictionary.cpp, line 256]
Event: 9.604 Thread 0x000002b7726837e0 Exception <a 'java/lang/ClassNotFoundException'{0x0000000706308c48}: org/jetbrains/kotlin/gradle/targets/js/npm/DefaultDevNpmDependencyExtensionBeanInfo> (0x0000000706308c48) 
thrown [s\src\hotspot\share\classfile\systemDictionary.cpp, line 256]
Event: 9.604 Thread 0x000002b7726837e0 Exception <a 'java/lang/ClassNotFoundException'{0x000000070631d408}: org/jetbrains/kotlin/gradle/targets/js/npm/DefaultDevNpmDependencyExtensionCustomizer> (0x000000070631d408) 
thrown [s\src\hotspot\share\classfile\systemDictionary.cpp, line 256]
Event: 9.607 Thread 0x000002b7726837e0 Exception <a 'java/lang/ClassNotFoundException'{0x00000007063774f0}: org/jetbrains/kotlin/gradle/targets/js/npm/DefaultPeerNpmDependencyExtensionBeanInfo> (0x00000007063774f0) 
thrown [s\src\hotspot\share\classfile\systemDictionary.cpp, line 256]
Event: 9.608 Thread 0x000002b7726837e0 Exception <a 'java/lang/ClassNotFoundException'{0x000000070638bcb8}: org/jetbrains/kotlin/gradle/targets/js/npm/DefaultPeerNpmDependencyExtensionCustomizer> (0x000000070638bcb8) 
thrown [s\src\hotspot\share\classfile\systemDictionary.cpp, line 256]
Event: 9.612 Thread 0x000002b7726837e0 Exception <a 'java/lang/ClassNotFoundException'{0x00000007063f3690}: org/jetbrains/kotlin/gradle/targets/js/npm/DefaultPeerNpmDependencyExtension$delegate$1BeanInfo> (0x00000007063f3690) 
thrown [s\src\hotspot\share\classfile\systemDictionary.cpp, line 256]
Event: 9.612 Thread 0x000002b7726837e0 Exception <a 'java/lang/ClassNotFoundException'{0x0000000706008518}: org/jetbrains/kotlin/gradle/targets/js/npm/DefaultPeerNpmDependencyExtension$delegate$1Customizer> (0x0000000706008518) 
thrown [s\src\hotspot\share\classfile\systemDictionary.cpp, line 256]
Event: 9.625 Thread 0x000002b7726837e0 Exception <a 'java/lang/NoSuchMethodError'{0x0000000706175db8}: static Lorg/jetbrains/kotlin/gradle/plugin/internal/DefaultIdeaSyncDetector$createIdeaPropertiesEvaluator$1;.<clinit>()V> (0x0000000706175db8) 
thrown [s\src\hotspot\share\prims\jni.cpp, line 1112]

VM Operations (20 events):
Event: 7.696 Executing VM operation: ICBufferFull
Event: 7.696 Executing VM operation: ICBufferFull done
Event: 7.885 Executing VM operation: ICBufferFull
Event: 7.885 Executing VM operation: ICBufferFull done
Event: 7.964 Executing VM operation: HandshakeAllThreads
Event: 7.965 Executing VM operation: HandshakeAllThreads done
Event: 8.265 Executing VM operation: ICBufferFull
Event: 8.265 Executing VM operation: ICBufferFull done
Event: 8.335 Executing VM operation: HandshakeAllThreads
Event: 8.335 Executing VM operation: HandshakeAllThreads done
Event: 8.347 Executing VM operation: G1CollectForAllocation
Event: 8.360 Executing VM operation: G1CollectForAllocation done
Event: 9.185 Executing VM operation: CollectForMetadataAllocation
Event: 9.192 Executing VM operation: CollectForMetadataAllocation done
Event: 9.221 Executing VM operation: G1PauseRemark
Event: 9.223 Executing VM operation: G1PauseRemark done
Event: 9.239 Executing VM operation: G1PauseCleanup
Event: 9.240 Executing VM operation: G1PauseCleanup done
Event: 9.401 Executing VM operation: HandshakeAllThreads
Event: 9.402 Executing VM operation: HandshakeAllThreads done

Memory protections (0 events):
No events

Nmethod flushes (20 events):
Event: 5.673 Thread 0x000002b76bce3f20 flushing  nmethod 0x000002b750dacc10
Event: 5.673 Thread 0x000002b76bce3f20 flushing  nmethod 0x000002b750dadd90
Event: 5.673 Thread 0x000002b76bce3f20 flushing  nmethod 0x000002b750daeb90
Event: 5.673 Thread 0x000002b76bce3f20 flushing  nmethod 0x000002b750db8690
Event: 5.673 Thread 0x000002b76bce3f20 flushing  nmethod 0x000002b750dbab10
Event: 5.673 Thread 0x000002b76bce3f20 flushing  nmethod 0x000002b750dd6a90
Event: 5.673 Thread 0x000002b76bce3f20 flushing  nmethod 0x000002b750dfaa10
Event: 5.673 Thread 0x000002b76bce3f20 flushing  nmethod 0x000002b750dfd610
Event: 5.673 Thread 0x000002b76bce3f20 flushing  nmethod 0x000002b750dfd990
Event: 5.673 Thread 0x000002b76bce3f20 flushing  nmethod 0x000002b750e02190
Event: 5.673 Thread 0x000002b76bce3f20 flushing  nmethod 0x000002b750e09a90
Event: 5.673 Thread 0x000002b76bce3f20 flushing  nmethod 0x000002b750e16410
Event: 5.673 Thread 0x000002b76bce3f20 flushing  nmethod 0x000002b750e17110
Event: 5.673 Thread 0x000002b76bce3f20 flushing  nmethod 0x000002b750e17f10
Event: 5.673 Thread 0x000002b76bce3f20 flushing  nmethod 0x000002b750e18590
Event: 5.673 Thread 0x000002b76bce3f20 flushing  nmethod 0x000002b750e18a90
Event: 5.673 Thread 0x000002b76bce3f20 flushing  nmethod 0x000002b750e19c10
Event: 5.674 Thread 0x000002b76bce3f20 flushing  nmethod 0x000002b750e77510
Event: 5.674 Thread 0x000002b76bce3f20 flushing  nmethod 0x000002b750ef0110
Event: 5.674 Thread 0x000002b76bce3f20 flushing  nmethod 0x000002b750f53290

Events (20 events):
Event: 7.503 Thread 0x000002b7726837e0 Thread added: 0x000002b773570160
Event: 7.504 Thread 0x000002b7726837e0 Thread added: 0x000002b773570670
Event: 7.504 Thread 0x000002b7726837e0 Thread added: 0x000002b774f29260
Event: 7.529 Thread 0x000002b7726837e0 Thread added: 0x000002b774f29c80
Event: 7.531 Thread 0x000002b7726837e0 Thread added: 0x000002b774f2ca10
Event: 7.532 Thread 0x000002b7726837e0 Thread added: 0x000002b774f2abb0
Event: 7.534 Thread 0x000002b7726837e0 Thread added: 0x000002b774f2bff0
Event: 7.536 Thread 0x000002b7726837e0 Thread added: 0x000002b774f2ed80
Event: 7.538 Thread 0x000002b7726837e0 Thread added: 0x000002b774f27910
Event: 7.541 Thread 0x000002b7726837e0 Thread added: 0x000002b774f2b0c0
Event: 7.604 Thread 0x000002b7726837e0 Thread added: 0x000002b774f28d50
Event: 7.604 Thread 0x000002b7726837e0 Thread added: 0x000002b774f2b5d0
Event: 7.605 Thread 0x000002b7726837e0 Thread added: 0x000002b774f29770
Event: 7.605 Thread 0x000002b7726837e0 Thread added: 0x000002b774f2a190
Event: 7.606 Thread 0x000002b7726837e0 Thread added: 0x000002b774f2bae0
Event: 7.606 Thread 0x000002b7726837e0 Thread added: 0x000002b774f27e20
Event: 7.607 Thread 0x000002b7726837e0 Thread added: 0x000002b774f2d430
Event: 8.010 Thread 0x000002b7726837e0 Thread added: 0x000002b774f2c500
Event: 8.860 Thread 0x000002b7726837e0 Thread added: 0x000002b774f2de50
Event: 8.914 Thread 0x000002b772e93250 Thread exited: 0x000002b772e93250


Dynamic libraries:
0x00007ff7bd550000 - 0x00007ff7bd55e000 	C:\Program Files\OpenLogic\jdk-17.0.13.11-hotspot\bin\java.exe
0x00007ffc0ae70000 - 0x00007ffc0b068000 	C:\Windows\SYSTEM32\ntdll.dll
0x00007ffc0ad60000 - 0x00007ffc0ae22000 	C:\Windows\System32\KERNEL32.DLL
0x00007ffc08880000 - 0x00007ffc08b7e000 	C:\Windows\System32\KERNELBASE.dll
0x00007ffc08780000 - 0x00007ffc08880000 	C:\Windows\System32\ucrtbase.dll
0x00007ffc041e0000 - 0x00007ffc041fb000 	C:\Program Files\OpenLogic\jdk-17.0.13.11-hotspot\bin\VCRUNTIME140.dll
0x00007ffc041c0000 - 0x00007ffc041d7000 	C:\Program Files\OpenLogic\jdk-17.0.13.11-hotspot\bin\jli.dll
0x00007ffc0a7b0000 - 0x00007ffc0a94d000 	C:\Windows\System32\USER32.dll
0x00007ffc078d0000 - 0x00007ffc07b6a000 	C:\Windows\WinSxS\amd64_microsoft.windows.common-controls_6595b64144ccf1df_6.0.19041.4355_none_60b8b9eb71f62e16\COMCTL32.dll
0x00007ffc090d0000 - 0x00007ffc0916e000 	C:\Windows\System32\msvcrt.dll
0x00007ffc0a420000 - 0x00007ffc0a44b000 	C:\Windows\System32\GDI32.dll
0x00007ffc08e60000 - 0x00007ffc08e82000 	C:\Windows\System32\win32u.dll
0x00007ffc085f0000 - 0x00007ffc08707000 	C:\Windows\System32\gdi32full.dll
0x00007ffc08b80000 - 0x00007ffc08c1d000 	C:\Windows\System32\msvcp_win.dll
0x00007ffc09040000 - 0x00007ffc0906f000 	C:\Windows\System32\IMM32.DLL
0x00007ffc04260000 - 0x00007ffc0426c000 	C:\Program Files\OpenLogic\jdk-17.0.13.11-hotspot\bin\vcruntime140_1.dll
0x00007ffbfcde0000 - 0x00007ffbfce6d000 	C:\Program Files\OpenLogic\jdk-17.0.13.11-hotspot\bin\msvcp140.dll
0x00007ffbb3260000 - 0x00007ffbb3ecc000 	C:\Program Files\OpenLogic\jdk-17.0.13.11-hotspot\bin\server\jvm.dll
0x00007ffc0aa50000 - 0x00007ffc0ab01000 	C:\Windows\System32\ADVAPI32.dll
0x00007ffc0ac20000 - 0x00007ffc0acbf000 	C:\Windows\System32\sechost.dll
0x00007ffc09170000 - 0x00007ffc09293000 	C:\Windows\System32\RPCRT4.dll
0x00007ffc08e30000 - 0x00007ffc08e57000 	C:\Windows\System32\bcrypt.dll
0x00007ffc0a610000 - 0x00007ffc0a67b000 	C:\Windows\System32\WS2_32.dll
0x00007ffc08100000 - 0x00007ffc0814b000 	C:\Windows\SYSTEM32\POWRPROF.dll
0x00007ffbfbfa0000 - 0x00007ffbfbfc7000 	C:\Windows\SYSTEM32\WINMM.dll
0x00007ffc014d0000 - 0x00007ffc014da000 	C:\Windows\SYSTEM32\VERSION.dll
0x00007ffc07c60000 - 0x00007ffc07c72000 	C:\Windows\SYSTEM32\UMPDC.dll
0x00007ffc05640000 - 0x00007ffc05652000 	C:\Windows\SYSTEM32\kernel.appcore.dll
0x00007ffc041b0000 - 0x00007ffc041ba000 	C:\Program Files\OpenLogic\jdk-17.0.13.11-hotspot\bin\jimage.dll
0x00007ffc07f10000 - 0x00007ffc080f4000 	C:\Windows\SYSTEM32\DBGHELP.DLL
0x00007ffc07e50000 - 0x00007ffc07e84000 	C:\Windows\SYSTEM32\dbgcore.DLL
0x00007ffc08560000 - 0x00007ffc085e2000 	C:\Windows\System32\bcryptPrimitives.dll
0x00007ffc04270000 - 0x00007ffc0427e000 	C:\Program Files\OpenLogic\jdk-17.0.13.11-hotspot\bin\instrument.dll
0x00007ffc010e0000 - 0x00007ffc01105000 	C:\Program Files\OpenLogic\jdk-17.0.13.11-hotspot\bin\java.dll
0x00007ffbef9f0000 - 0x00007ffbefac6000 	C:\Program Files\OpenLogic\jdk-17.0.13.11-hotspot\bin\jsvml.dll
0x00007ffc09720000 - 0x00007ffc09e8d000 	C:\Windows\System32\SHELL32.dll
0x00007ffc05840000 - 0x00007ffc05fe3000 	C:\Windows\SYSTEM32\windows.storage.dll
0x00007ffc09fa0000 - 0x00007ffc0a2f3000 	C:\Windows\System32\combase.dll
0x00007ffc07770000 - 0x00007ffc0779e000 	C:\Windows\SYSTEM32\Wldp.dll
0x00007ffc08f70000 - 0x00007ffc0903d000 	C:\Windows\System32\OLEAUT32.dll
0x00007ffc0ab70000 - 0x00007ffc0ac1d000 	C:\Windows\System32\SHCORE.dll
0x00007ffc09f40000 - 0x00007ffc09f95000 	C:\Windows\System32\shlwapi.dll
0x00007ffc08440000 - 0x00007ffc08464000 	C:\Windows\SYSTEM32\profapi.dll
0x00007ffbfeef0000 - 0x00007ffbfef08000 	C:\Program Files\OpenLogic\jdk-17.0.13.11-hotspot\bin\zip.dll
0x00007ffbfff20000 - 0x00007ffbfff39000 	C:\Program Files\OpenLogic\jdk-17.0.13.11-hotspot\bin\net.dll
0x00007ffc014e0000 - 0x00007ffc015ed000 	C:\Windows\SYSTEM32\WINHTTP.dll
0x00007ffc07530000 - 0x00007ffc0759a000 	C:\Windows\system32\mswsock.dll
0x00007ffbfef30000 - 0x00007ffbfef46000 	C:\Program Files\OpenLogic\jdk-17.0.13.11-hotspot\bin\nio.dll
0x00007ffc03770000 - 0x00007ffc03780000 	C:\Program Files\OpenLogic\jdk-17.0.13.11-hotspot\bin\verify.dll
0x00007ffbfcfa0000 - 0x00007ffbfcfc7000 	C:\Users\maestro\.gradle\native\c067742578af261105cb4f569cf0c3c89f3d7b1fecec35dd04571415982c5e48\windows-amd64\native-platform.dll
0x00007ffbf0bd0000 - 0x00007ffbf0d14000 	C:\Users\maestro\.gradle\native\100fb08df4bc3b14c8652ba06237920a3bd2aa13389f12d3474272988ae205f9\windows-amd64\native-platform-file-events.dll
0x00007ffc02e00000 - 0x00007ffc02e09000 	C:\Program Files\OpenLogic\jdk-17.0.13.11-hotspot\bin\management.dll
0x00007ffc01840000 - 0x00007ffc0184b000 	C:\Program Files\OpenLogic\jdk-17.0.13.11-hotspot\bin\management_ext.dll
0x00007ffc09710000 - 0x00007ffc09718000 	C:\Windows\System32\PSAPI.DLL
0x00007ffc08280000 - 0x00007ffc08298000 	C:\Windows\SYSTEM32\CRYPTSP.dll
0x00007ffc06e70000 - 0x00007ffc06ea4000 	C:\Windows\system32\rsaenh.dll
0x00007ffc083c0000 - 0x00007ffc083ee000 	C:\Windows\SYSTEM32\USERENV.dll
0x00007ffc076c0000 - 0x00007ffc076cc000 	C:\Windows\SYSTEM32\CRYPTBASE.dll
0x00007ffc07230000 - 0x00007ffc0726b000 	C:\Windows\SYSTEM32\IPHLPAPI.DLL
0x00007ffc0ad50000 - 0x00007ffc0ad58000 	C:\Windows\System32\NSI.dll
0x00007ffc00510000 - 0x00007ffc00527000 	C:\Windows\SYSTEM32\dhcpcsvc6.DLL
0x00007ffc009c0000 - 0x00007ffc009dd000 	C:\Windows\SYSTEM32\dhcpcsvc.DLL
0x00007ffc07270000 - 0x00007ffc0733a000 	C:\Windows\SYSTEM32\DNSAPI.dll
0x00007ffc016d0000 - 0x00007ffc016d8000 	C:\Program Files\OpenLogic\jdk-17.0.13.11-hotspot\bin\extnet.dll
0x00007ffc03700000 - 0x00007ffc0370e000 	C:\Program Files\OpenLogic\jdk-17.0.13.11-hotspot\bin\sunmscapi.dll
0x00007ffc08cd0000 - 0x00007ffc08e2c000 	C:\Windows\System32\CRYPT32.dll
0x00007ffc078a0000 - 0x00007ffc078c7000 	C:\Windows\SYSTEM32\ncrypt.dll
0x00007ffc07860000 - 0x00007ffc0789b000 	C:\Windows\SYSTEM32\NTASN1.dll
0x00007ffbf8f80000 - 0x00007ffbf8f87000 	C:\Windows\system32\wshunix.dll

dbghelp: loaded successfully - version: 4.0.5 - missing functions: none
symbol engine: initialized successfully - sym options: 0x614 - pdb path: .;C:\Program Files\OpenLogic\jdk-17.0.13.11-hotspot\bin;C:\Windows\SYSTEM32;C:\Windows\WinSxS\amd64_microsoft.windows.common-controls_6595b64144ccf1df_6.0.19041.4355_none_60b8b9eb71f62e16;C:\Program Files\OpenLogic\jdk-17.0.13.11-hotspot\bin\server;C:\Users\maestro\.gradle\native\c067742578af261105cb4f569cf0c3c89f3d7b1fecec35dd04571415982c5e48\windows-amd64;C:\Users\maestro\.gradle\native\100fb08df4bc3b14c8652ba06237920a3bd2aa13389f12d3474272988ae205f9\windows-amd64

VM Arguments:
jvm_args: -XX:MaxMetaspaceSize=2048m --add-opens=java.base/java.util=ALL-UNNAMED --add-opens=java.base/java.lang=ALL-UNNAMED --add-opens=java.base/java.lang.invoke=ALL-UNNAMED --add-opens=java.prefs/java.util.prefs=ALL-UNNAMED --add-exports=jdk.compiler/com.sun.tools.javac.api=ALL-UNNAMED --add-exports=jdk.compiler/com.sun.tools.javac.util=ALL-UNNAMED --add-opens=java.base/java.nio.charset=ALL-UNNAMED --add-opens=java.base/java.net=ALL-UNNAMED --add-opens=java.base/java.util.concurrent.atomic=ALL-UNNAMED -Xmx4096m -Dfile.encoding=windows-1251 -Duser.country=RU -Duser.language=ru -Duser.variant -javaagent:C:\Users\maestro\.gradle\wrapper\dists\gradle-8.10.2-all\7iv73wktx1xtkvlq19urqw1wm\gradle-8.10.2\lib\agents\gradle-instrumentation-agent-8.10.2.jar 
java_command: org.gradle.launcher.daemon.bootstrap.GradleDaemon 8.10.2
java_class_path (initial): C:\Users\maestro\.gradle\wrapper\dists\gradle-8.10.2-all\7iv73wktx1xtkvlq19urqw1wm\gradle-8.10.2\lib\gradle-daemon-main-8.10.2.jar
Launcher Type: SUN_STANDARD

[Global flags]
     intx CICompilerCount                          = 4                                         {product} {ergonomic}
     uint ConcGCThreads                            = 2                                         {product} {ergonomic}
     uint G1ConcRefinementThreads                  = 8                                         {product} {ergonomic}
   size_t G1HeapRegionSize                         = 2097152                                   {product} {ergonomic}
    uintx GCDrainStackTargetSize                   = 64                                        {product} {ergonomic}
   size_t InitialHeapSize                          = 333447168                                 {product} {ergonomic}
   size_t MarkStackSize                            = 4194304                                   {product} {ergonomic}
   size_t MaxHeapSize                              = 4294967296                                {product} {command line}
   size_t MaxMetaspaceSize                         = 2147483648                                {product} {command line}
   size_t MaxNewSize                               = 2575302656                                {product} {ergonomic}
   size_t MinHeapDeltaBytes                        = 2097152                                   {product} {ergonomic}
   size_t MinHeapSize                              = 8388608                                   {product} {ergonomic}
    uintx NonNMethodCodeHeapSize                   = 5839372                                {pd product} {ergonomic}
    uintx NonProfiledCodeHeapSize                  = 122909434                              {pd product} {ergonomic}
    uintx ProfiledCodeHeapSize                     = 122909434                              {pd product} {ergonomic}
    uintx ReservedCodeCacheSize                    = 251658240                              {pd product} {ergonomic}
     bool SegmentedCodeCache                       = true                                      {product} {ergonomic}
   size_t SoftMaxHeapSize                          = 4294967296                             {manageable} {ergonomic}
     bool UseCompressedClassPointers               = true                           {product lp64_product} {ergonomic}
     bool UseCompressedOops                        = true                           {product lp64_product} {ergonomic}
     bool UseG1GC                                  = true                                      {product} {ergonomic}
     bool UseLargePagesIndividualAllocation        = false                                  {pd product} {ergonomic}

Logging:
Log output configuration:
 #0: stdout all=warning uptime,level,tags
 #1: stderr all=off uptime,level,tags

Environment Variables:
JAVA_HOME=C:\Program Files\OpenLogic\jdk-17.0.13.11-hotspot\
CLASSPATH=C:\Users\maestro\Desktop\log_sig\my-app\android\\gradle\wrapper\gradle-wrapper.jar
PATH=C:\Program Files\OpenLogic\jdk-17.0.13.11-hotspot\bin;C:\Program Files\Eclipse Adoptium\jdk-21.0.5.11-hotspot\bin;C:\Program Files\Common Files\Oracle\Java\javapath;C:\Program Files\Java\jdk-23;C:\Windows\system32;C:\Windows;C:\Windows\System32\Wbem;C:\Windows\System32\WindowsPowerShell\v1.0\;C:\Windows\System32\OpenSSH\;C:\Program Files\nodejs\;C:\ProgramData\chocolatey\bin;C:\Program Files\Docker\Docker\resources\bin;C:\Program Files\NVIDIA Corporation\NVIDIA NvDLISR;C:\Program Files (x86)\NVIDIA Corporation\PhysX\Common;C:\Users\maestro\AppData\Local\Programs\Python\Python312;C:\Program Files\Microsoft SQL Server\150\Tools\Binn\;C:\Program Files\dotnet\;C:\Program Files\Git\cmd;C:\Users\maestro\AppData\Local\Android\Sdk\platform-tools;C:\Users\maestro\AppData\Local\Android\Sdk;C:\Program Files\Java\jdk-23;C:\Program Files\Java\jdk-23\bin;C:\Users\maestro\AppData\Local\jdk-23\bin;C:\Users\maestro\AppData\Local\Android\Sdk\tools;C:\Users\maestro\AppData\Local\jdk-23\bin;C:\Users\maestro\AppData\Local\Programs\Python\Python313\Scripts\;C:\Users\maestro\AppData\Local\Programs\Python\Python313\;C:\Users\maestro\AppData\Local\Programs\Python\Launcher\;C:\Users\maestro\AppData\Local\Microsoft\WindowsApps;C:\Users\maestro\AppData\Local\Programs\Microsoft VS Code\bin;C:\Program Files\JetBrains\PyCharm Community Edition 2024.2.4\bin;;C:\Users\maestro\AppData\Roaming\npm;C:\Users\maestro\AppData\Local\Programs\Python\Python312;C:\Users\maestro\.dotnet\tools;C:\Users\maestro\AppData\Local\Android\Sdk;C:\Program Files\Java\jdk-23;C:\Program Files\Java\jdk-23\bin;
USERNAME=maestro
LANG=en_US.UTF-8
OS=Windows_NT
PROCESSOR_IDENTIFIER=Intel64 Family 6 Model 126 Stepping 5, GenuineIntel
TMP=C:\Users\maestro\AppData\Local\Temp
TEMP=C:\Users\maestro\AppData\Local\Temp



Periodic native trim disabled


---------------  S Y S T E M  ---------------

OS:
 Windows 10 , 64 bit Build 19041 (10.0.19041.5198)
OS uptime: 0 days 0:41 hours
Hyper-V role detected

CPU: total 8 (initial active 8) (4 cores per cpu, 2 threads per core) family 6 model 126 stepping 5 microcode 0xa0, cx8, cmov, fxsr, ht, mmx, 3dnowpref, sse, sse2, sse3, ssse3, sse4.1, sse4.2, popcnt, lzcnt, tsc, tscinvbit, avx, avx2, aes, erms, clmul, bmi1, bmi2, adx, avx512f, avx512dq, avx512cd, avx512bw, avx512vl, sha, fma, vzeroupper, avx512_vpopcntdq, avx512_vpclmulqdq, avx512_vaes, avx512_vnni, clflush, clflushopt, avx512_vbmi2, avx512_vbmi, hv
Processor Information for all 8 processors :
  Max Mhz: 1497, Current Mhz: 1297, Mhz Limit: 1287

Memory: 4k page, system-wide physical 20257M (11967M free)
TotalPageFile size 40737M (AvailPageFile size 31285M)
current process WorkingSet (physical memory assigned to process): 370M, peak: 370M
current process commit charge ("private bytes"): 410M, peak: 535M

vm_info: OpenJDK 64-Bit Server VM (17.0.13+11-adhoc..jdk17u) for windows-amd64 JRE (17.0.13+11-adhoc..jdk17u), built on Oct 18 2024 01:05:13 by "" with MS VC++ 16.10 / 16.11 (VS2019)

END.
